tests_015/test_contract_opcodes.py::TestContractOpcodes::test_arithmetic_overflow[mul_overflow.tz-Unit-Left Unit]

Runtime error in contract [CONTRACT_HASH]:
  01: parameter (or unit unit) ;
  02: storage unit ;
  03: code { CAR ;
  04:        IF_LEFT
  05:          {
  06:            PUSH nat 922337203685477580700 ;
  07:            PUSH mutez 10 ;
  08:            MUL ; # FAILURE
  09:            DROP
  10:          }
  11:          {
  12:            PUSH mutez 10 ;
  13:            PUSH nat 922337203685477580700 ;
  14:            MUL ; # FAILURE
  15:            DROP
  16:          } ;
  17: 
  18:        NIL operation ; PAIR }
  19: 
At line 8 characters 11 to 14,
unexpected arithmetic overflow
trace
  - location: 9 (remaining gas: 1039988.754 units remaining)
    [ (Pair (Left Unit) Unit) ]
  - location: 9 (remaining gas: 1039988.744 units remaining)
    [ (Left Unit) ]
  - location: 10 (remaining gas: 1039988.744 units remaining)
    [ Unit ]
  - location: 12 (remaining gas: 1039988.734 units remaining)
    [ 922337203685477580700
      Unit ]
  - location: 15 (remaining gas: 1039988.724 units remaining)
    [ 10
      922337203685477580700
      Unit ]
Fatal error:
  error running script
